<?xml version="1.0" encoding="UTF-8"?>
<!-- Generated by org.testng.reporters.JUnitXMLReporter -->
<testsuite ignored="0" hostname="LAPTOP-QUDML1FA" failures="1" tests="2" name="Test" time="16.524" errors="0" timestamp="2026-08-19T11:19:21 IST">
  <testcase classname="testCases.TC_01AccountRegistrationPage" name="verify_account_registration" time="1.606"/>
  <testcase classname="testCases.TC_02LoginTest" name="verify_login" time="11.108">
    <failure type="java.lang.AssertionError" message="Login failed expected [true] but found [false]">
      <![CDATA[java.lang.AssertionError: Login failed expected [true] but found [false]
at testCases.TC_02LoginTest.verify_login(TC_02LoginTest.java:41)
at java.base/java.util.ArrayList.forEach(ArrayList.java:1596)
... Removed 31 stack frames]]>
    </failure>
  </testcase> <!-- verify_login -->
</testsuite> <!-- Test -->
