<?xml version="1.0" encoding="UTF-8"?>
<testsuite xmlns:xsi="http://www.w3.org/2001/XMLSchema-instance" xsi:noNamespaceSchemaLocation="https://maven.apache.org/surefire/maven-surefire-plugin/xsd/surefire-test-report.xsd" version="3.0.2" name="testCases.TC_02LoginTest" time="4.706" tests="1" errors="0" skipped="0" failures="0" flakes="0">
  <properties>
[...]
</properties>
  <testcase name="verify_login" classname="testCases.TC_02LoginTest" time="2.498">
    <system-out><![CDATA[2026-08-19 12:16:57,694 INFO  testCases.TC_02LoginTest - **** Starting TC_002_LoginTest  ****
2026-08-19 12:16:57,757 INFO  testCases.TC_02LoginTest - clicked on myaccount link on the home page..
2026-08-19 12:16:57,962 INFO  testCases.TC_02LoginTest - clicked on login link under myaccount..
2026-08-19 12:16:57,963 INFO  testCases.TC_02LoginTest - Entering valid email and password..
2026-08-19 12:16:58,100 INFO  testCases.TC_02LoginTest - clicked on ligin button..
2026-08-19 12:17:00,171 INFO  testCases.TC_02LoginTest - **** Finished TC_002_LoginTest  ****
]]></system-out>
    <system-err><![CDATA[Aug 19, 2026 12:16:56 PM org.openqa.selenium.devtools.CdpVersionFinder findNearestMatch
WARNING: Unable to find an exact match for CDP version 151, returning the closest version; found: 150; Please update to a Selenium version that supports CDP version 151
]]></system-err>
  </testcase>
</testsuite>