<?xml version="1.0" encoding="UTF-8"?>
<testng-results ignored="0" total="1" passed="1" failed="0" skipped="0">
  <reporter-output>
  </reporter-output>
  <suite started-at="2026-08-19T11:37:26 IST" name="Failed suite [Master1]" finished-at="2026-08-19T11:37:31 IST" duration-ms="4115">
    <groups>
    </groups>
    <test started-at="2026-08-19T11:37:26 IST" name="Test(failed)" finished-at="2026-08-19T11:37:31 IST" duration-ms="4115">
      <class name="testCases.TC_02LoginTest">
        <test-method is-config="true" signature="setup(java.lang.String,java.lang.String)[pri:0, instance:testCases.TC_02LoginTest@dfddc9a]" started-at="2026-08-19T11:37:27 IST" name="setup" finished-at="2026-08-19T11:37:29 IST" duration-ms="1953" status="PASS">
          <params>
            <param index="0">
              <value>
                <![CDATA[windows]]>
              </value>
            </param>
            <param index="1">
              <value>
                <![CDATA[Chrome]]>
              </value>
            </param>
          </params>
          <reporter-output>
          </reporter-output>
        </test-method> <!-- setup -->
        <test-method signature="verify_login()[pri:0, instance:testCases.TC_02LoginTest@dfddc9a]" started-at="2026-08-19T11:37:29 IST" name="verify_login" finished-at="2026-08-19T11:37:30 IST" duration-ms="1794" status="PASS">
          <reporter-output>
          </reporter-output>
        </test-method> <!-- verify_login -->
        <test-method is-config="true" signature="tearDown()[pri:0, instance:testCases.TC_02LoginTest@dfddc9a]" started-at="2026-08-19T11:37:30 IST" name="tearDown" finished-at="2026-08-19T11:37:31 IST" duration-ms="175" status="PASS">
          <reporter-output>
          </reporter-output>
        </test-method> <!-- tearDown -->
      </class> <!-- testCases.TC_02LoginTest -->
    </test> <!-- Test(failed) -->
  </suite> <!-- Failed suite [Master1] -->
</testng-results>
